08:50:28.513: Function <module>, Line 316: Attempting PUT Light Green on channel MCT. Control Point: RDI
08:50:28.575: Function put_tag_api, Line 165: PUT attempt success
08:50:28.606: Function <module>, Line 316: Attempting PUT Light Green on channel RIM. Control Point: RDI
08:50:28.653: Function put_tag_api, Line 165: PUT attempt success
08:50:28.684: Function <module>, Line 316: Attempting PUT Light Green on channel SHE. Control Point: RDI
08:50:28.747: Function put_tag_api, Line 165: PUT attempt success
08:50:28.778: Function <module>, Line 316: Attempting PUT Light Green on channel QUE. Control Point: RDI
08:50:28.841: Function put_tag_api, Line 165: PUT attempt success
08:50:28.856: Function <module>, Line 316: Attempting PUT Light Green on channel MTL. Control Point: RDI
08:50:28.903: Function put_tag_api, Line 165: PUT attempt success
08:50:28.935: Function <module>, Line 316: Attempting PUT Light Green on channel MTL. Control Point: RDI
08:50:28.997: Function put_tag_api, Line 165: PUT attempt success
08:50:29.013: Function <module>, Line 316: Attempting PUT Light Green on channel OTT. Control Point: RDI
08:50:29.075: Function put_tag_api, Line 165: PUT attempt success
08:50:29.122: Function <module>, Line 316: Attempting PUT Light Green on channel TOR. Control Point: RDI
08:50:29.185: Function put_tag_api, Line 165: PUT attempt success
08:50:29.216: Function <module>, Line 316: Attempting PUT Light Green on channel TRV. Control Point: RDI
08:50:29.263: Function put_tag_api, Line 165: PUT attempt success
08:50:29.294: Function <module>, Line 316: Attempting PUT Light Green on channel SAG. Control Point: RDI
08:50:29.341: Function put_tag_api, Line 165: PUT attempt success
08:50:29.388: Function <module>, Line 316: Attempting PUT Light Green on channel AX2. Control Point: RDI
08:50:29.466: Function put_tag_api, Line 165: PUT attempt success
08:50:29.497: Function <module>, Line 316: Attempting PUT Light Green on channel RDI. Control Point: RDI
08:50:29.560: Function put_tag_api, Line 165: PUT attempt success
08:50:29.576: Function <module>, Line 316: Attempting PUT Light Green on channel RDI. Control Point: RDI
08:50:29.638: Function put_tag_api, Line 165: PUT attempt success
08:50:29.669: Function <module>, Line 316: Attempting PUT Light Green on channel RDI. Control Point: RDI
08:50:29.716: Function put_tag_api, Line 165: PUT attempt success
09:30:28.511: Function <module>, Line 343: Attempting PUT for Default. MCT Removed from Gang: RDI
09:30:28.558: Function put_tag_api, Line 165: PUT attempt success
09:30:28.589: Function <module>, Line 343: Attempting PUT for Default. RIM Removed from Gang: RDI
09:30:28.652: Function put_tag_api, Line 165: PUT attempt success
09:30:28.667: Function <module>, Line 343: Attempting PUT for Default. SHE Removed from Gang: RDI
09:30:28.730: Function put_tag_api, Line 165: PUT attempt success
09:30:28.745: Function <module>, Line 343: Attempting PUT for Default. QUE Removed from Gang: RDI
09:30:28.792: Function put_tag_api, Line 165: PUT attempt success
09:30:28.824: Function <module>, Line 343: Attempting PUT for Default. MTL Removed from Gang: RDI
09:30:28.886: Function put_tag_api, Line 165: PUT attempt success
09:30:28.917: Function <module>, Line 343: Attempting PUT for Default. MTL Removed from Gang: RDI
09:30:28.980: Function put_tag_api, Line 165: PUT attempt success
09:30:29.011: Function <module>, Line 343: Attempting PUT for Default. OTT Removed from Gang: RDI
09:30:29.058: Function put_tag_api, Line 165: PUT attempt success
09:30:29.089: Function <module>, Line 343: Attempting PUT for Default. TOR Removed from Gang: RDI
09:30:29.136: Function put_tag_api, Line 165: PUT attempt success
09:30:29.167: Function <module>, Line 343: Attempting PUT for Default. TRV Removed from Gang: RDI
09:30:29.230: Function put_tag_api, Line 165: PUT attempt success
09:30:29.245: Function <module>, Line 343: Attempting PUT for Default. SAG Removed from Gang: RDI
09:30:29.402: Function put_tag_api, Line 165: PUT attempt success
09:30:29.433: Function <module>, Line 343: Attempting PUT for Default. AX2 Removed from Gang: RDI
09:30:29.495: Function put_tag_api, Line 165: PUT attempt success
09:30:29.511: Function <module>, Line 343: Attempting PUT for Default. RDI Removed from Gang: RDI
09:30:29.574: Function put_tag_api, Line 165: PUT attempt success
09:30:29.589: Function <module>, Line 343: Attempting PUT for Default. RDI Removed from Gang: RDI
09:30:29.652: Function put_tag_api, Line 165: PUT attempt success
09:30:29.683: Function <module>, Line 343: Attempting PUT for Default. RDI Removed from Gang: RDI
09:30:29.730: Function put_tag_api, Line 165: PUT attempt success
11:50:29.541: Function <module>, Line 316: Attempting PUT Pink on channel MCT. Control Point: MTL
11:50:29.588: Function put_tag_api, Line 165: PUT attempt success
11:50:29.620: Function <module>, Line 316: Attempting PUT Pink on channel RIM. Control Point: MTL
11:50:29.666: Function put_tag_api, Line 165: PUT attempt success
11:50:29.698: Function <module>, Line 316: Attempting PUT Pink on channel SHE. Control Point: MTL
11:50:29.760: Function put_tag_api, Line 165: PUT attempt success
11:50:29.792: Function <module>, Line 316: Attempting PUT Pink on channel QUE. Control Point: MTL
11:50:29.854: Function put_tag_api, Line 165: PUT attempt success
11:50:29.870: Function <module>, Line 316: Attempting PUT Pink on channel MTL. Control Point: MTL
11:50:29.932: Function put_tag_api, Line 165: PUT attempt success
11:50:29.963: Function <module>, Line 316: Attempting PUT Pink on channel MTL. Control Point: MTL
11:50:30.010: Function put_tag_api, Line 165: PUT attempt success
11:50:30.042: Function <module>, Line 316: Attempting PUT Pink on channel OTT. Control Point: MTL
11:50:30.088: Function put_tag_api, Line 165: PUT attempt success
11:50:30.151: Function <module>, Line 316: Attempting PUT Pink on channel TOR. Control Point: MTL
11:50:30.229: Function put_tag_api, Line 165: PUT attempt success
11:50:30.260: Function <module>, Line 316: Attempting PUT Pink on channel TRV. Control Point: MTL
11:50:30.307: Function put_tag_api, Line 165: PUT attempt success
11:50:30.338: Function <module>, Line 316: Attempting PUT Pink on channel SAG. Control Point: MTL
11:50:30.401: Function put_tag_api, Line 165: PUT attempt success
11:50:30.432: Function <module>, Line 316: Attempting PUT Pink on channel AX1. Control Point: MTL
11:50:30.510: Function put_tag_api, Line 165: PUT attempt success
11:50:30.526: Function <module>, Line 316: Attempting PUT Pink on channel RDI. Control Point: MTL
11:50:30.588: Function put_tag_api, Line 165: PUT attempt success
11:50:30.620: Function <module>, Line 316: Attempting PUT Pink on channel RDI. Control Point: MTL
11:50:30.667: Function put_tag_api, Line 165: PUT attempt success
11:50:30.682: Function <module>, Line 316: Attempting PUT Pink on channel RDI. Control Point: MTL
11:50:30.729: Function put_tag_api, Line 165: PUT attempt success
12:30:29.090: Function <module>, Line 343: Attempting PUT for Default. MCT Removed from Gang: MTL
12:30:29.152: Function put_tag_api, Line 165: PUT attempt success
12:30:29.199: Function <module>, Line 343: Attempting PUT for Default. RIM Removed from Gang: MTL
12:30:29.246: Function put_tag_api, Line 165: PUT attempt success
12:30:29.277: Function <module>, Line 343: Attempting PUT for Default. SHE Removed from Gang: MTL
12:30:29.340: Function put_tag_api, Line 165: PUT attempt success
12:30:29.356: Function <module>, Line 343: Attempting PUT for Default. QUE Removed from Gang: MTL
12:30:29.418: Function put_tag_api, Line 165: PUT attempt success
12:30:29.449: Function <module>, Line 343: Attempting PUT for Default. MTL Removed from Gang: MTL
12:30:29.496: Function put_tag_api, Line 165: PUT attempt success
12:30:29.527: Function <module>, Line 343: Attempting PUT for Default. MTL Removed from Gang: MTL
12:30:29.574: Function put_tag_api, Line 165: PUT attempt success
12:30:29.590: Function <module>, Line 343: Attempting PUT for Default. OTT Removed from Gang: MTL
12:30:29.652: Function put_tag_api, Line 165: PUT attempt success
12:30:29.668: Function <module>, Line 343: Attempting PUT for Default. TOR Removed from Gang: MTL
12:30:29.731: Function put_tag_api, Line 165: PUT attempt success
12:30:29.746: Function <module>, Line 343: Attempting PUT for Default. TRV Removed from Gang: MTL
12:30:29.809: Function put_tag_api, Line 165: PUT attempt success
12:30:29.824: Function <module>, Line 343: Attempting PUT for Default. SAG Removed from Gang: MTL
12:30:29.887: Function put_tag_api, Line 165: PUT attempt success
12:30:29.918: Function <module>, Line 343: Attempting PUT for Default. AX1 Removed from Gang: MTL
12:30:29.981: Function put_tag_api, Line 165: PUT attempt success
12:30:29.996: Function <module>, Line 343: Attempting PUT for Default. RDI Removed from Gang: MTL
12:30:30.059: Function put_tag_api, Line 165: PUT attempt success
12:30:30.090: Function <module>, Line 343: Attempting PUT for Default. RDI Removed from Gang: MTL
12:30:30.137: Function put_tag_api, Line 165: PUT attempt success
12:30:30.153: Function <module>, Line 343: Attempting PUT for Default. RDI Removed from Gang: MTL
12:30:30.215: Function put_tag_api, Line 165: PUT attempt success
17:49:30.858: Function <module>, Line 316: Attempting PUT Pink on channel MTL. Control Point: MTL
17:49:30.921: Function put_tag_api, Line 165: PUT attempt success
17:49:30.952: Function <module>, Line 316: Attempting PUT Pink on channel MTL. Control Point: MTL
17:49:31.015: Function put_tag_api, Line 165: PUT attempt success
17:49:31.046: Function <module>, Line 316: Attempting PUT Pink on channel AX1. Control Point: MTL
17:49:31.108: Function put_tag_api, Line 165: PUT attempt success
17:50:31.227: Function <module>, Line 316: Attempting PUT Light Blue on channel OTT. Control Point: OTT
17:50:31.274: Function put_tag_api, Line 165: PUT attempt success
18:30:31.569: Function <module>, Line 316: Attempting PUT Light Blue on channel RIM. Control Point: OTT
18:30:31.632: Function put_tag_api, Line 165: PUT attempt success
18:30:31.647: Function <module>, Line 316: Attempting PUT Light Blue on channel SHE. Control Point: OTT
18:30:31.710: Function put_tag_api, Line 165: PUT attempt success
18:30:31.757: Function <module>, Line 316: Attempting PUT Light Blue on channel TOR. Control Point: OTT
18:30:31.819: Function put_tag_api, Line 165: PUT attempt success
18:30:31.835: Function <module>, Line 316: Attempting PUT Light Blue on channel TRV. Control Point: OTT
18:30:31.897: Function put_tag_api, Line 165: PUT attempt success
18:30:31.928: Function <module>, Line 316: Attempting PUT Light Blue on channel SAG. Control Point: OTT
18:30:31.975: Function put_tag_api, Line 165: PUT attempt success
19:00:30.541: Function <module>, Line 343: Attempting PUT for Default. MTL Removed from Gang: MTL
19:00:30.604: Function put_tag_api, Line 165: PUT attempt success
19:00:30.635: Function <module>, Line 343: Attempting PUT for Default. MTL Removed from Gang: MTL
19:00:30.682: Function put_tag_api, Line 165: PUT attempt success
19:00:30.729: Function <module>, Line 343: Attempting PUT for Default. AX1 Removed from Gang: MTL
19:00:30.791: Function put_tag_api, Line 165: PUT attempt success
19:01:31.166: Function <module>, Line 343: Attempting PUT for Default. RIM Removed from Gang: OTT
19:01:31.228: Function put_tag_api, Line 165: PUT attempt success
19:01:31.260: Function <module>, Line 343: Attempting PUT for Default. SHE Removed from Gang: OTT
19:01:31.338: Function put_tag_api, Line 165: PUT attempt success
19:01:31.353: Function <module>, Line 343: Attempting PUT for Default. OTT Removed from Gang: OTT
19:01:31.416: Function put_tag_api, Line 165: PUT attempt success
19:01:31.447: Function <module>, Line 343: Attempting PUT for Default. TOR Removed from Gang: OTT
19:01:31.494: Function put_tag_api, Line 165: PUT attempt success
19:01:31.525: Function <module>, Line 343: Attempting PUT for Default. TRV Removed from Gang: OTT
19:01:31.572: Function put_tag_api, Line 165: PUT attempt success
19:01:31.604: Function <module>, Line 343: Attempting PUT for Default. SAG Removed from Gang: OTT
19:01:31.666: Function put_tag_api, Line 165: PUT attempt success
21:50:32.634: Function <module>, Line 316: Attempting PUT Pink on channel MCT. Control Point: MTL
21:50:32.697: Function put_tag_api, Line 165: PUT attempt success
21:50:32.728: Function <module>, Line 316: Attempting PUT Pink on channel RIM. Control Point: MTL
21:50:32.791: Function put_tag_api, Line 165: PUT attempt success
21:50:32.822: Function <module>, Line 316: Attempting PUT Pink on channel SHE. Control Point: MTL
21:50:32.884: Function put_tag_api, Line 165: PUT attempt success
21:50:32.900: Function <module>, Line 316: Attempting PUT Pink on channel QUE. Control Point: MTL
21:50:32.963: Function put_tag_api, Line 165: PUT attempt success
21:50:32.994: Function <module>, Line 316: Attempting PUT Pink on channel MTL. Control Point: MTL
21:50:33.056: Function put_tag_api, Line 165: PUT attempt success
21:50:33.088: Function <module>, Line 316: Attempting PUT Pink on channel MTL. Control Point: MTL
21:50:33.150: Function put_tag_api, Line 165: PUT attempt success
21:50:33.181: Function <module>, Line 316: Attempting PUT Pink on channel OTT. Control Point: MTL
21:50:33.244: Function put_tag_api, Line 165: PUT attempt success
21:50:33.275: Function <module>, Line 316: Attempting PUT Pink on channel TOR. Control Point: MTL
21:50:33.322: Function put_tag_api, Line 165: PUT attempt success
21:50:33.353: Function <module>, Line 316: Attempting PUT Pink on channel TRV. Control Point: MTL
21:50:33.416: Function put_tag_api, Line 165: PUT attempt success
21:50:33.447: Function <module>, Line 316: Attempting PUT Pink on channel SAG. Control Point: MTL
21:50:33.494: Function put_tag_api, Line 165: PUT attempt success
21:50:33.525: Function <module>, Line 316: Attempting PUT Pink on channel AX1. Control Point: MTL
21:50:33.603: Function put_tag_api, Line 165: PUT attempt success
21:50:33.619: Function <module>, Line 316: Attempting PUT Pink on channel RDI. Control Point: MTL
21:50:33.681: Function put_tag_api, Line 165: PUT attempt success
21:50:33.713: Function <module>, Line 316: Attempting PUT Pink on channel RDI. Control Point: MTL
21:50:33.775: Function put_tag_api, Line 165: PUT attempt success
21:50:33.791: Function <module>, Line 316: Attempting PUT Pink on channel RDI. Control Point: MTL
21:50:33.853: Function put_tag_api, Line 165: PUT attempt success
23:00:32.431: Function <module>, Line 343: Attempting PUT for Default. OTT Removed from Gang: MTL
23:00:32.493: Function put_tag_api, Line 165: PUT attempt success
23:00:33.150: Function <module>, Line 316: Attempting PUT Pink on channel OTT. Control Point: MTL
23:00:33.213: Function put_tag_api, Line 165: PUT attempt success
23:00:33.244: Function <module>, Line 343: Attempting PUT for Default. RDI Removed from Gang: MTL
23:00:33.307: Function put_tag_api, Line 165: PUT attempt success
23:00:33.353: Function <module>, Line 343: Attempting PUT for Default. RDI Removed from Gang: MTL
23:00:33.416: Function put_tag_api, Line 165: PUT attempt success
23:00:33.447: Function <module>, Line 343: Attempting PUT for Default. RDI Removed from Gang: MTL
23:00:33.510: Function put_tag_api, Line 165: PUT attempt success
23:05:32.667: Function <module>, Line 343: Attempting PUT for Default. MCT Removed from Gang: MTL
23:05:32.730: Function put_tag_api, Line 165: PUT attempt success
23:05:32.745: Function <module>, Line 343: Attempting PUT for Default. RIM Removed from Gang: MTL
23:05:32.808: Function put_tag_api, Line 165: PUT attempt success
23:05:32.823: Function <module>, Line 343: Attempting PUT for Default. SHE Removed from Gang: MTL
23:05:32.886: Function put_tag_api, Line 165: PUT attempt success
23:05:32.917: Function <module>, Line 343: Attempting PUT for Default. QUE Removed from Gang: MTL
23:05:32.980: Function put_tag_api, Line 165: PUT attempt success
23:05:33.011: Function <module>, Line 343: Attempting PUT for Default. MTL Removed from Gang: MTL
23:05:33.058: Function put_tag_api, Line 165: PUT attempt success
23:05:33.089: Function <module>, Line 343: Attempting PUT for Default. MTL Removed from Gang: MTL
23:05:33.136: Function put_tag_api, Line 165: PUT attempt success
23:05:33.152: Function <module>, Line 343: Attempting PUT for Default. OTT Removed from Gang: MTL
23:05:33.214: Function put_tag_api, Line 165: PUT attempt success
23:05:33.261: Function <module>, Line 343: Attempting PUT for Default. TOR Removed from Gang: MTL
23:05:33.324: Function put_tag_api, Line 165: PUT attempt success
23:05:33.355: Function <module>, Line 343: Attempting PUT for Default. TRV Removed from Gang: MTL
23:05:33.402: Function put_tag_api, Line 165: PUT attempt success
23:05:33.433: Function <module>, Line 343: Attempting PUT for Default. SAG Removed from Gang: MTL
23:05:33.480: Function put_tag_api, Line 165: PUT attempt success
23:05:33.511: Function <module>, Line 343: Attempting PUT for Default. AX1 Removed from Gang: MTL
23:05:33.558: Function put_tag_api, Line 165: PUT attempt success
